============================= test session starts =============================
platform win32 -- Python 3.11.3, pytest-9.0.2, pluggy-1.6.0 -- C:\Users\Badalraj\AppData\Local\Programs\Python\Python311\python.exe
cachedir: .pytest_cache
rootdir: D:\memorythread\MemoryThread
configfile: pyproject.toml
plugins: anyio-4.12.1, langsmith-0.3.45, asyncio-1.3.0, timeout-2.4.0
asyncio: mode=Mode.AUTO, debug=False, asyncio_default_fixture_loop_scope=None, asyncio_default_test_loop_scope=function
collecting ... collected 74 items

tests/test_api_endpoints.py::test_root_returns_200 PASSED                [  1%]
tests/test_api_endpoints.py::test_health_returns_200 PASSED              [  2%]
